<?xml version="1.0" encoding="UTF-8"?>
<testsuite xmlns:xsi="http://www.w3.org/2001/XMLSchema-instance" xsi:noNamespaceSchemaLocation="https://maven.apache.org/surefire/maven-surefire-plugin/xsd/surefire-test-report-3.0.xsd" version="3.0" name="org.demo.foodtruck.FoodtruckApplicationTests" time="10.445" tests="1" errors="0" skipped="0" failures="0">
  <properties>
    <property name="java.specification.version" value="21"/>
    <property name="sun.cpu.isalist" value="amd64"/>
    <property name="sun.jnu.encoding" value="GBK"/>
    <property name="csp.sentinel.charset" value="UTF-8"/>
    <property name="java.class.path" value="E:\Project\foodtruck\target\test-classes;E:\Project\foodtruck\target\classes;C:\Users\Lai_Ivy\.m2\repository\org\springframework\boot\spring-boot-starter-batch\2.6.13\spring-boot-starter-batch-2.6.13.jar;C:\Users\Lai_Ivy\.m2\repository\org\springframework\boot\spring-boot-starter\2.6.13\spring-boot-starter-2.6.13.jar;C:\Users\Lai_Ivy\.m2\repository\org\springframework\boot\spring-boot-starter-logging\2.6.13\spring-boot-starter-logging-2.6.13.jar;C:\Users\Lai_Ivy\.m2\repository\ch\qos\logback\logback-classic\1.2.11\logback-classic-1.2.11.jar;C:\Users\Lai_Ivy\.m2\repository\ch\qos\logback\logback-core\1.2.11\logback-core-1.2.11.jar;C:\Users\Lai_Ivy\.m2\repository\org\apache\logging\log4j\log4j-to-slf4j\2.17.2\log4j-to-slf4j-2.17.2.jar;C:\Users\Lai_Ivy\.m2\repository\org\apache\logging\log4j\log4j-api\2.17.2\log4j-api-2.17.2.jar;C:\Users\Lai_Ivy\.m2\repository\org\slf4j\jul-to-slf4j\1.7.36\jul-to-slf4j-1.7.36.jar;C:\Users\Lai_Ivy\.m2\repository\jakarta\annotation\jakarta.annotation-api\1.3.5\jakarta.annotation-api-1.3.5.jar;C:\Users\Lai_Ivy\.m2\repository\org\yaml\snakeyaml\1.29\snakeyaml-1.29.jar;C:\Users\Lai_Ivy\.m2\repository\org\springframework\boot\spring-boot-starter-jdbc\2.6.13\spring-boot-starter-jdbc-2.6.13.jar;C:\Users\Lai_Ivy\.m2\repository\com\zaxxer\HikariCP\4.0.3\HikariCP-4.0.3.jar;C:\Users\Lai_Ivy\.m2\repository\org\springframework\batch\spring-batch-core\4.3.7\spring-batch-core-4.3.7.jar;C:\Users\Lai_Ivy\.m2\repository\com\fasterxml\jackson\core\jackson-databind\2.13.4.2\jackson-databind-2.13.4.2.jar;C:\Users\Lai_Ivy\.m2\repository\com\fasterxml\jackson\core\jackson-annotations\2.13.4\jackson-annotations-2.13.4.jar;C:\Users\Lai_Ivy\.m2\repository\com\fasterxml\jackson\core\jackson-core\2.13.4\jackson-core-2.13.4.jar;C:\Users\Lai_Ivy\.m2\repository\io\micrometer\micrometer-core\1.8.11\micrometer-core-1.8.11.jar;C:\Users\Lai_Ivy\.m2\repository\org\hdrhistogram\HdrHistogram\2.1.12\HdrHistogram-2.1.12.jar;C:\Users\Lai_Ivy\.m2\repository\org\latencyutils\LatencyUtils\2.0.3\LatencyUtils-2.0.3.jar;C:\Users\Lai_Ivy\.m2\repository\javax\batch\javax.batch-api\1.0\javax.batch-api-1.0.jar;C:\Users\Lai_Ivy\.m2\repository\org\springframework\batch\spring-batch-infrastructure\4.3.7\spring-batch-infrastructure-4.3.7.jar;C:\Users\Lai_Ivy\.m2\repository\org\springframework\retry\spring-retry\1.3.4\spring-retry-1.3.4.jar;C:\Users\Lai_Ivy\.m2\repository\org\springframework\spring-aop\5.3.23\spring-aop-5.3.23.jar;C:\Users\Lai_Ivy\.m2\repository\org\springframework\spring-beans\5.3.23\spring-beans-5.3.23.jar;C:\Users\Lai_Ivy\.m2\repository\org\springframework\spring-context\5.3.23\spring-context-5.3.23.jar;C:\Users\Lai_Ivy\.m2\repository\org\springframework\spring-tx\5.3.23\spring-tx-5.3.23.jar;C:\Users\Lai_Ivy\.m2\repository\org\springframework\boot\spring-boot-starter-web\2.6.13\spring-boot-starter-web-2.6.13.jar;C:\Users\Lai_Ivy\.m2\repository\org\springframework\boot\spring-boot-starter-json\2.6.13\spring-boot-starter-json-2.6.13.jar;C:\Users\Lai_Ivy\.m2\repository\com\fasterxml\jackson\datatype\jackson-datatype-jdk8\2.13.4\jackson-datatype-jdk8-2.13.4.jar;C:\Users\Lai_Ivy\.m2\repository\com\fasterxml\jackson\datatype\jackson-datatype-jsr310\2.13.4\jackson-datatype-jsr310-2.13.4.jar;C:\Users\Lai_Ivy\.m2\repository\com\fasterxml\jackson\module\jackson-module-parameter-names\2.13.4\jackson-module-parameter-names-2.13.4.jar;C:\Users\Lai_Ivy\.m2\repository\org\springframework\boot\spring-boot-starter-tomcat\2.6.13\spring-boot-starter-tomcat-2.6.13.jar;C:\Users\Lai_Ivy\.m2\repository\org\apache\tomcat\embed\tomcat-embed-core\9.0.68\tomcat-embed-core-9.0.68.jar;C:\Users\Lai_Ivy\.m2\repository\org\apache\tomcat\embed\tomcat-embed-el\9.0.68\tomcat-embed-el-9.0.68.jar;C:\Users\Lai_Ivy\.m2\repository\org\apache\tomcat\embed\tomcat-embed-websocket\9.0.68\tomcat-embed-websocket-9.0.68.jar;C:\Users\Lai_Ivy\.m2\repository\org\springframework\spring-web\5.3.23\spring-web-5.3.23.jar;C:\Users\Lai_Ivy\.m2\repository\org\springframework\spring-webmvc\5.3.23\spring-webmvc-5.3.23.jar;C:\Users\Lai_Ivy\.m2\repository\org\springframework\spring-expression\5.3.23\spring-expression-5.3.23.jar;C:\Users\Lai_Ivy\.m2\repository\com\alibaba\cloud\aliyun-redis-spring-boot-starter\1.0.0\aliyun-redis-spring-boot-starter-1.0.0.jar;C:\Users\Lai_Ivy\.m2\repository\com\alibaba\cloud\aliyun-context-spring-boot-starter\1.0.0\aliyun-context-spring-boot-starter-1.0.0.jar;C:\Users\Lai_Ivy\.m2\repository\com\alibaba\cloud\alicloud-context\1.0.5\alicloud-context-1.0.5.jar;C:\Users\Lai_Ivy\.m2\repository\com\aliyun\aliyun-java-sdk-edas\2.44.0\aliyun-java-sdk-edas-2.44.0.jar;C:\Users\Lai_Ivy\.m2\repository\com\aliyun\aliyun-java-sdk-r-kvstore\2.1.5\aliyun-java-sdk-r-kvstore-2.1.5.jar;C:\Users\Lai_Ivy\.m2\repository\com\google\code\gson\gson\2.8.9\gson-2.8.9.jar;C:\Users\Lai_Ivy\.m2\repository\com\aliyun\aliyun-java-sdk-core\4.5.0\aliyun-java-sdk-core-4.5.0.jar;C:\Users\Lai_Ivy\.m2\repository\org\apache\httpcomponents\httpclient\4.5.13\httpclient-4.5.13.jar;C:\Users\Lai_Ivy\.m2\repository\commons-codec\commons-codec\1.15\commons-codec-1.15.jar;C:\Users\Lai_Ivy\.m2\repository\org\apache\httpcomponents\httpcore\4.4.15\httpcore-4.4.15.jar;C:\Users\Lai_Ivy\.m2\repository\commons-logging\commons-logging\1.2\commons-logging-1.2.jar;C:\Users\Lai_Ivy\.m2\repository\javax\xml\bind\jaxb-api\2.3.1\jaxb-api-2.3.1.jar;C:\Users\Lai_Ivy\.m2\repository\javax\activation\javax.activation-api\1.2.0\javax.activation-api-1.2.0.jar;C:\Users\Lai_Ivy\.m2\repository\org\jacoco\org.jacoco.agent\0.8.5\org.jacoco.agent-0.8.5-runtime.jar;C:\Users\Lai_Ivy\.m2\repository\org\ini4j\ini4j\0.5.4\ini4j-0.5.4.jar;C:\Users\Lai_Ivy\.m2\repository\org\slf4j\slf4j-api\1.7.36\slf4j-api-1.7.36.jar;C:\Users\Lai_Ivy\.m2\repository\io\opentracing\opentracing-api\0.33.0\opentracing-api-0.33.0.jar;C:\Users\Lai_Ivy\.m2\repository\io\opentracing\opentracing-util\0.33.0\opentracing-util-0.33.0.jar;C:\Users\Lai_Ivy\.m2\repository\io\opentracing\opentracing-noop\0.33.0\opentracing-noop-0.33.0.jar;C:\Users\Lai_Ivy\.m2\repository\com\alibaba\cloud\spring-cloud-starter-alibaba-sentinel\2021.0.5.0\spring-cloud-starter-alibaba-sentinel-2021.0.5.0.jar;C:\Users\Lai_Ivy\.m2\repository\com\alibaba\csp\sentinel-transport-simple-http\1.8.6\sentinel-transport-simple-http-1.8.6.jar;C:\Users\Lai_Ivy\.m2\repository\com\alibaba\csp\sentinel-transport-common\1.8.6\sentinel-transport-common-1.8.6.jar;C:\Users\Lai_Ivy\.m2\repository\com\alibaba\csp\sentinel-datasource-extension\1.8.6\sentinel-datasource-extension-1.8.6.jar;C:\Users\Lai_Ivy\.m2\repository\com\alibaba\fastjson\1.2.83_noneautotype\fastjson-1.2.83_noneautotype.jar;C:\Users\Lai_Ivy\.m2\repository\com\alibaba\csp\sentinel-annotation-aspectj\1.8.6\sentinel-annotation-aspectj-1.8.6.jar;C:\Users\Lai_Ivy\.m2\repository\com\alibaba\csp\sentinel-core\1.8.6\sentinel-core-1.8.6.jar;C:\Users\Lai_Ivy\.m2\repository\org\aspectj\aspectjweaver\1.9.7\aspectjweaver-1.9.7.jar;C:\Users\Lai_Ivy\.m2\repository\com\alibaba\cloud\spring-cloud-circuitbreaker-sentinel\2021.0.5.0\spring-cloud-circuitbreaker-sentinel-2021.0.5.0.jar;C:\Users\Lai_Ivy\.m2\repository\org\springframework\cloud\spring-cloud-commons\3.1.5\spring-cloud-commons-3.1.5.jar;C:\Users\Lai_Ivy\.m2\repository\org\springframework\security\spring-security-crypto\5.6.8\spring-security-crypto-5.6.8.jar;C:\Users\Lai_Ivy\.m2\repository\com\alibaba\csp\sentinel-reactor-adapter\1.8.6\sentinel-reactor-adapter-1.8.6.jar;C:\Users\Lai_Ivy\.m2\repository\com\alibaba\csp\sentinel-spring-webflux-adapter\1.8.6\sentinel-spring-webflux-adapter-1.8.6.jar;C:\Users\Lai_Ivy\.m2\repository\com\alibaba\csp\sentinel-spring-webmvc-adapter\1.8.6\sentinel-spring-webmvc-adapter-1.8.6.jar;C:\Users\Lai_Ivy\.m2\repository\com\alibaba\csp\sentinel-parameter-flow-control\1.8.6\sentinel-parameter-flow-control-1.8.6.jar;C:\Users\Lai_Ivy\.m2\repository\com\googlecode\concurrentlinkedhashmap\concurrentlinkedhashmap-lru\1.4.2\concurrentlinkedhashmap-lru-1.4.2.jar;C:\Users\Lai_Ivy\.m2\repository\com\alibaba\csp\sentinel-cluster-server-default\1.8.6\sentinel-cluster-server-default-1.8.6.jar;C:\Users\Lai_Ivy\.m2\repository\com\alibaba\csp\sentinel-cluster-common-default\1.8.6\sentinel-cluster-common-default-1.8.6.jar;C:\Users\Lai_Ivy\.m2\repository\io\netty\netty-handler\4.1.84.Final\netty-handler-4.1.84.Final.jar;C:\Users\Lai_Ivy\.m2\repository\io\netty\netty-common\4.1.84.Final\netty-common-4.1.84.Final.jar;C:\Users\Lai_Ivy\.m2\repository\io\netty\netty-resolver\4.1.84.Final\netty-resolver-4.1.84.Final.jar;C:\Users\Lai_Ivy\.m2\repository\io\netty\netty-buffer\4.1.84.Final\netty-buffer-4.1.84.Final.jar;C:\Users\Lai_Ivy\.m2\repository\io\netty\netty-transport\4.1.84.Final\netty-transport-4.1.84.Final.jar;C:\Users\Lai_Ivy\.m2\repository\io\netty\netty-transport-native-unix-common\4.1.84.Final\netty-transport-native-unix-common-4.1.84.Final.jar;C:\Users\Lai_Ivy\.m2\repository\io\netty\netty-codec\4.1.84.Final\netty-codec-4.1.84.Final.jar;C:\Users\Lai_Ivy\.m2\repository\com\alibaba\csp\sentinel-cluster-client-default\1.8.6\sentinel-cluster-client-default-1.8.6.jar;C:\Users\Lai_Ivy\.m2\repository\com\alibaba\cloud\spring-cloud-alibaba-sentinel-datasource\2021.0.5.0\spring-cloud-alibaba-sentinel-datasource-2021.0.5.0.jar;C:\Users\Lai_Ivy\.m2\repository\com\alibaba\cloud\spring-cloud-alibaba-commons\2021.0.5.0\spring-cloud-alibaba-commons-2021.0.5.0.jar;C:\Users\Lai_Ivy\.m2\repository\org\springframework\boot\spring-boot-devtools\2.6.13\spring-boot-devtools-2.6.13.jar;C:\Users\Lai_Ivy\.m2\repository\org\springframework\boot\spring-boot\2.6.13\spring-boot-2.6.13.jar;C:\Users\Lai_Ivy\.m2\repository\org\springframework\boot\spring-boot-autoconfigure\2.6.13\spring-boot-autoconfigure-2.6.13.jar;C:\Users\Lai_Ivy\.m2\repository\org\projectlombok\lombok\1.18.30\lombok-1.18.30.jar;C:\Users\Lai_Ivy\.m2\repository\org\springframework\boot\spring-boot-starter-test\2.6.13\spring-boot-starter-test-2.6.13.jar;C:\Users\Lai_Ivy\.m2\repository\org\springframework\boot\spring-boot-test\2.6.13\spring-boot-test-2.6.13.jar;C:\Users\Lai_Ivy\.m2\repository\org\springframework\boot\spring-boot-test-autoconfigure\2.6.13\spring-boot-test-autoconfigure-2.6.13.jar;C:\Users\Lai_Ivy\.m2\repository\com\jayway\jsonpath\json-path\2.6.0\json-path-2.6.0.jar;C:\Users\Lai_Ivy\.m2\repository\net\minidev\json-smart\2.4.8\json-smart-2.4.8.jar;C:\Users\Lai_Ivy\.m2\repository\net\minidev\accessors-smart\2.4.8\accessors-smart-2.4.8.jar;C:\Users\Lai_Ivy\.m2\repository\org\ow2\asm\asm\9.1\asm-9.1.jar;C:\Users\Lai_Ivy\.m2\repository\jakarta\xml\bind\jakarta.xml.bind-api\2.3.3\jakarta.xml.bind-api-2.3.3.jar;C:\Users\Lai_Ivy\.m2\repository\jakarta\activation\jakarta.activation-api\1.2.2\jakarta.activation-api-1.2.2.jar;C:\Users\Lai_Ivy\.m2\repository\org\assertj\assertj-core\3.21.0\assertj-core-3.21.0.jar;C:\Users\Lai_Ivy\.m2\repository\org\hamcrest\hamcrest\2.2\hamcrest-2.2.jar;C:\Users\Lai_Ivy\.m2\repository\org\junit\jupiter\junit-jupiter\5.8.2\junit-jupiter-5.8.2.jar;C:\Users\Lai_Ivy\.m2\repository\org\junit\jupiter\junit-jupiter-api\5.8.2\junit-jupiter-api-5.8.2.jar;C:\Users\Lai_Ivy\.m2\repository\org\opentest4j\opentest4j\1.2.0\opentest4j-1.2.0.jar;C:\Users\Lai_Ivy\.m2\repository\org\junit\platform\junit-platform-commons\1.8.2\junit-platform-commons-1.8.2.jar;C:\Users\Lai_Ivy\.m2\repository\org\apiguardian\apiguardian-api\1.1.2\apiguardian-api-1.1.2.jar;C:\Users\Lai_Ivy\.m2\repository\org\junit\jupiter\junit-jupiter-params\5.8.2\junit-jupiter-params-5.8.2.jar;C:\Users\Lai_Ivy\.m2\repository\org\junit\jupiter\junit-jupiter-engine\5.8.2\junit-jupiter-engine-5.8.2.jar;C:\Users\Lai_Ivy\.m2\repository\org\junit\platform\junit-platform-engine\1.8.2\junit-platform-engine-1.8.2.jar;C:\Users\Lai_Ivy\.m2\repository\org\mockito\mockito-core\4.0.0\mockito-core-4.0.0.jar;C:\Users\Lai_Ivy\.m2\repository\net\bytebuddy\byte-buddy\1.11.22\byte-buddy-1.11.22.jar;C:\Users\Lai_Ivy\.m2\repository\net\bytebuddy\byte-buddy-agent\1.11.22\byte-buddy-agent-1.11.22.jar;C:\Users\Lai_Ivy\.m2\repository\org\objenesis\objenesis\3.2\objenesis-3.2.jar;C:\Users\Lai_Ivy\.m2\repository\org\mockito\mockito-junit-jupiter\4.0.0\mockito-junit-jupiter-4.0.0.jar;C:\Users\Lai_Ivy\.m2\repository\org\skyscreamer\jsonassert\1.5.1\jsonassert-1.5.1.jar;C:\Users\Lai_Ivy\.m2\repository\com\vaadin\external\google\android-json\0.0.20131108.vaadin1\android-json-0.0.20131108.vaadin1.jar;C:\Users\Lai_Ivy\.m2\repository\org\springframework\spring-core\5.3.23\spring-core-5.3.23.jar;C:\Users\Lai_Ivy\.m2\repository\org\springframework\spring-jcl\5.3.23\spring-jcl-5.3.23.jar;C:\Users\Lai_Ivy\.m2\repository\org\springframework\spring-test\5.3.23\spring-test-5.3.23.jar;C:\Users\Lai_Ivy\.m2\repository\org\xmlunit\xmlunit-core\2.8.4\xmlunit-core-2.8.4.jar;C:\Users\Lai_Ivy\.m2\repository\org\springframework\batch\spring-batch-test\4.3.7\spring-batch-test-4.3.7.jar;C:\Users\Lai_Ivy\.m2\repository\junit\junit\4.13.2\junit-4.13.2.jar;C:\Users\Lai_Ivy\.m2\repository\org\hamcrest\hamcrest-core\2.2\hamcrest-core-2.2.jar;C:\Users\Lai_Ivy\.m2\repository\org\springframework\spring-jdbc\5.3.23\spring-jdbc-5.3.23.jar;C:\Users\Lai_Ivy\.m2\repository\com\opencsv\opencsv\5.7.1\opencsv-5.7.1.jar;C:\Users\Lai_Ivy\.m2\repository\org\apache\commons\commons-lang3\3.12.0\commons-lang3-3.12.0.jar;C:\Users\Lai_Ivy\.m2\repository\org\apache\commons\commons-text\1.10.0\commons-text-1.10.0.jar;C:\Users\Lai_Ivy\.m2\repository\commons-beanutils\commons-beanutils\1.9.4\commons-beanutils-1.9.4.jar;C:\Users\Lai_Ivy\.m2\repository\commons-collections\commons-collections\3.2.2\commons-collections-3.2.2.jar;C:\Users\Lai_Ivy\.m2\repository\org\apache\commons\commons-collections4\4.4\commons-collections4-4.4.jar;"/>
    <property name="java.vm.vendor" value="Amazon.com Inc."/>
    <property name="sun.arch.data.model" value="64"/>
    <property name="user.variant" value=""/>
    <property name="java.vendor.url" value="https://aws.amazon.com/corretto/"/>
    <property name="user.timezone" value="Asia/Shanghai"/>
    <property name="os.name" value="Windows 10"/>
    <property name="java.vm.specification.version" value="21"/>
    <property name="sun.java.launcher" value="SUN_STANDARD"/>
    <property name="user.country" value="CN"/>
    <property name="sun.boot.library.path" value="C:\Users\Lai_Ivy\.jdks\corretto-21.0.4\bin"/>
    <property name="sun.java.command" value="C:\Users\Lai_Ivy\AppData\Local\Temp\surefire5905710110086147299\surefirebooter-20240902195339535_3.jar C:\Users\Lai_Ivy\AppData\Local\Temp\surefire5905710110086147299 2024-09-02T19-53-38_950-jvmRun1 surefire-20240902195339535_1tmp surefire_0-20240902195339535_2tmp"/>
    <property name="jdk.debug" value="release"/>
    <property name="csp.sentinel.flow.cold.factor" value="3"/>
    <property name="surefire.test.class.path" value="E:\Project\foodtruck\target\test-classes;E:\Project\foodtruck\target\classes;C:\Users\Lai_Ivy\.m2\repository\org\springframework\boot\spring-boot-starter-batch\2.6.13\spring-boot-starter-batch-2.6.13.jar;C:\Users\Lai_Ivy\.m2\repository\org\springframework\boot\spring-boot-starter\2.6.13\spring-boot-starter-2.6.13.jar;C:\Users\Lai_Ivy\.m2\repository\org\springframework\boot\spring-boot-starter-logging\2.6.13\spring-boot-starter-logging-2.6.13.jar;C:\Users\Lai_Ivy\.m2\repository\ch\qos\logback\logback-classic\1.2.11\logback-classic-1.2.11.jar;C:\Users\Lai_Ivy\.m2\repository\ch\qos\logback\logback-core\1.2.11\logback-core-1.2.11.jar;C:\Users\Lai_Ivy\.m2\repository\org\apache\logging\log4j\log4j-to-slf4j\2.17.2\log4j-to-slf4j-2.17.2.jar;C:\Users\Lai_Ivy\.m2\repository\org\apache\logging\log4j\log4j-api\2.17.2\log4j-api-2.17.2.jar;C:\Users\Lai_Ivy\.m2\repository\org\slf4j\jul-to-slf4j\1.7.36\jul-to-slf4j-1.7.36.jar;C:\Users\Lai_Ivy\.m2\repository\jakarta\annotation\jakarta.annotation-api\1.3.5\jakarta.annotation-api-1.3.5.jar;C:\Users\Lai_Ivy\.m2\repository\org\yaml\snakeyaml\1.29\snakeyaml-1.29.jar;C:\Users\Lai_Ivy\.m2\repository\org\springframework\boot\spring-boot-starter-jdbc\2.6.13\spring-boot-starter-jdbc-2.6.13.jar;C:\Users\Lai_Ivy\.m2\repository\com\zaxxer\HikariCP\4.0.3\HikariCP-4.0.3.jar;C:\Users\Lai_Ivy\.m2\repository\org\springframework\batch\spring-batch-core\4.3.7\spring-batch-core-4.3.7.jar;C:\Users\Lai_Ivy\.m2\repository\com\fasterxml\jackson\core\jackson-databind\2.13.4.2\jackson-databind-2.13.4.2.jar;C:\Users\Lai_Ivy\.m2\repository\com\fasterxml\jackson\core\jackson-annotations\2.13.4\jackson-annotations-2.13.4.jar;C:\Users\Lai_Ivy\.m2\repository\com\fasterxml\jackson\core\jackson-core\2.13.4\jackson-core-2.13.4.jar;C:\Users\Lai_Ivy\.m2\repository\io\micrometer\micrometer-core\1.8.11\micrometer-core-1.8.11.jar;C:\Users\Lai_Ivy\.m2\repository\org\hdrhistogram\HdrHistogram\2.1.12\HdrHistogram-2.1.12.jar;C:\Users\Lai_Ivy\.m2\repository\org\latencyutils\LatencyUtils\2.0.3\LatencyUtils-2.0.3.jar;C:\Users\Lai_Ivy\.m2\repository\javax\batch\javax.batch-api\1.0\javax.batch-api-1.0.jar;C:\Users\Lai_Ivy\.m2\repository\org\springframework\batch\spring-batch-infrastructure\4.3.7\spring-batch-infrastructure-4.3.7.jar;C:\Users\Lai_Ivy\.m2\repository\org\springframework\retry\spring-retry\1.3.4\spring-retry-1.3.4.jar;C:\Users\Lai_Ivy\.m2\repository\org\springframework\spring-aop\5.3.23\spring-aop-5.3.23.jar;C:\Users\Lai_Ivy\.m2\repository\org\springframework\spring-beans\5.3.23\spring-beans-5.3.23.jar;C:\Users\Lai_Ivy\.m2\repository\org\springframework\spring-context\5.3.23\spring-context-5.3.23.jar;C:\Users\Lai_Ivy\.m2\repository\org\springframework\spring-tx\5.3.23\spring-tx-5.3.23.jar;C:\Users\Lai_Ivy\.m2\repository\org\springframework\boot\spring-boot-starter-web\2.6.13\spring-boot-starter-web-2.6.13.jar;C:\Users\Lai_Ivy\.m2\repository\org\springframework\boot\spring-boot-starter-json\2.6.13\spring-boot-starter-json-2.6.13.jar;C:\Users\Lai_Ivy\.m2\repository\com\fasterxml\jackson\datatype\jackson-datatype-jdk8\2.13.4\jackson-datatype-jdk8-2.13.4.jar;C:\Users\Lai_Ivy\.m2\repository\com\fasterxml\jackson\datatype\jackson-datatype-jsr310\2.13.4\jackson-datatype-jsr310-2.13.4.jar;C:\Users\Lai_Ivy\.m2\repository\com\fasterxml\jackson\module\jackson-module-parameter-names\2.13.4\jackson-module-parameter-names-2.13.4.jar;C:\Users\Lai_Ivy\.m2\repository\org\springframework\boot\spring-boot-starter-tomcat\2.6.13\spring-boot-starter-tomcat-2.6.13.jar;C:\Users\Lai_Ivy\.m2\repository\org\apache\tomcat\embed\tomcat-embed-core\9.0.68\tomcat-embed-core-9.0.68.jar;C:\Users\Lai_Ivy\.m2\repository\org\apache\tomcat\embed\tomcat-embed-el\9.0.68\tomcat-embed-el-9.0.68.jar;C:\Users\Lai_Ivy\.m2\repository\org\apache\tomcat\embed\tomcat-embed-websocket\9.0.68\tomcat-embed-websocket-9.0.68.jar;C:\Users\Lai_Ivy\.m2\repository\org\springframework\spring-web\5.3.23\spring-web-5.3.23.jar;C:\Users\Lai_Ivy\.m2\repository\org\springframework\spring-webmvc\5.3.23\spring-webmvc-5.3.23.jar;C:\Users\Lai_Ivy\.m2\repository\org\springframework\spring-expression\5.3.23\spring-expression-5.3.23.jar;C:\Users\Lai_Ivy\.m2\repository\com\alibaba\cloud\aliyun-redis-spring-boot-starter\1.0.0\aliyun-redis-spring-boot-starter-1.0.0.jar;C:\Users\Lai_Ivy\.m2\repository\com\alibaba\cloud\aliyun-context-spring-boot-starter\1.0.0\aliyun-context-spring-boot-starter-1.0.0.jar;C:\Users\Lai_Ivy\.m2\repository\com\alibaba\cloud\alicloud-context\1.0.5\alicloud-context-1.0.5.jar;C:\Users\Lai_Ivy\.m2\repository\com\aliyun\aliyun-java-sdk-edas\2.44.0\aliyun-java-sdk-edas-2.44.0.jar;C:\Users\Lai_Ivy\.m2\repository\com\aliyun\aliyun-java-sdk-r-kvstore\2.1.5\aliyun-java-sdk-r-kvstore-2.1.5.jar;C:\Users\Lai_Ivy\.m2\repository\com\google\code\gson\gson\2.8.9\gson-2.8.9.jar;C:\Users\Lai_Ivy\.m2\repository\com\aliyun\aliyun-java-sdk-core\4.5.0\aliyun-java-sdk-core-4.5.0.jar;C:\Users\Lai_Ivy\.m2\repository\org\apache\httpcomponents\httpclient\4.5.13\httpclient-4.5.13.jar;C:\Users\Lai_Ivy\.m2\repository\commons-codec\commons-codec\1.15\commons-codec-1.15.jar;C:\Users\Lai_Ivy\.m2\repository\org\apache\httpcomponents\httpcore\4.4.15\httpcore-4.4.15.jar;C:\Users\Lai_Ivy\.m2\repository\commons-logging\commons-logging\1.2\commons-logging-1.2.jar;C:\Users\Lai_Ivy\.m2\repository\javax\xml\bind\jaxb-api\2.3.1\jaxb-api-2.3.1.jar;C:\Users\Lai_Ivy\.m2\repository\javax\activation\javax.activation-api\1.2.0\javax.activation-api-1.2.0.jar;C:\Users\Lai_Ivy\.m2\repository\org\jacoco\org.jacoco.agent\0.8.5\org.jacoco.agent-0.8.5-runtime.jar;C:\Users\Lai_Ivy\.m2\repository\org\ini4j\ini4j\0.5.4\ini4j-0.5.4.jar;C:\Users\Lai_Ivy\.m2\repository\org\slf4j\slf4j-api\1.7.36\slf4j-api-1.7.36.jar;C:\Users\Lai_Ivy\.m2\repository\io\opentracing\opentracing-api\0.33.0\opentracing-api-0.33.0.jar;C:\Users\Lai_Ivy\.m2\repository\io\opentracing\opentracing-util\0.33.0\opentracing-util-0.33.0.jar;C:\Users\Lai_Ivy\.m2\repository\io\opentracing\opentracing-noop\0.33.0\opentracing-noop-0.33.0.jar;C:\Users\Lai_Ivy\.m2\repository\com\alibaba\cloud\spring-cloud-starter-alibaba-sentinel\2021.0.5.0\spring-cloud-starter-alibaba-sentinel-2021.0.5.0.jar;C:\Users\Lai_Ivy\.m2\repository\com\alibaba\csp\sentinel-transport-simple-http\1.8.6\sentinel-transport-simple-http-1.8.6.jar;C:\Users\Lai_Ivy\.m2\repository\com\alibaba\csp\sentinel-transport-common\1.8.6\sentinel-transport-common-1.8.6.jar;C:\Users\Lai_Ivy\.m2\repository\com\alibaba\csp\sentinel-datasource-extension\1.8.6\sentinel-datasource-extension-1.8.6.jar;C:\Users\Lai_Ivy\.m2\repository\com\alibaba\fastjson\1.2.83_noneautotype\fastjson-1.2.83_noneautotype.jar;C:\Users\Lai_Ivy\.m2\repository\com\alibaba\csp\sentinel-annotation-aspectj\1.8.6\sentinel-annotation-aspectj-1.8.6.jar;C:\Users\Lai_Ivy\.m2\repository\com\alibaba\csp\sentinel-core\1.8.6\sentinel-core-1.8.6.jar;C:\Users\Lai_Ivy\.m2\repository\org\aspectj\aspectjweaver\1.9.7\aspectjweaver-1.9.7.jar;C:\Users\Lai_Ivy\.m2\repository\com\alibaba\cloud\spring-cloud-circuitbreaker-sentinel\2021.0.5.0\spring-cloud-circuitbreaker-sentinel-2021.0.5.0.jar;C:\Users\Lai_Ivy\.m2\repository\org\springframework\cloud\spring-cloud-commons\3.1.5\spring-cloud-commons-3.1.5.jar;C:\Users\Lai_Ivy\.m2\repository\org\springframework\security\spring-security-crypto\5.6.8\spring-security-crypto-5.6.8.jar;C:\Users\Lai_Ivy\.m2\repository\com\alibaba\csp\sentinel-reactor-adapter\1.8.6\sentinel-reactor-adapter-1.8.6.jar;C:\Users\Lai_Ivy\.m2\repository\com\alibaba\csp\sentinel-spring-webflux-adapter\1.8.6\sentinel-spring-webflux-adapter-1.8.6.jar;C:\Users\Lai_Ivy\.m2\repository\com\alibaba\csp\sentinel-spring-webmvc-adapter\1.8.6\sentinel-spring-webmvc-adapter-1.8.6.jar;C:\Users\Lai_Ivy\.m2\repository\com\alibaba\csp\sentinel-parameter-flow-control\1.8.6\sentinel-parameter-flow-control-1.8.6.jar;C:\Users\Lai_Ivy\.m2\repository\com\googlecode\concurrentlinkedhashmap\concurrentlinkedhashmap-lru\1.4.2\concurrentlinkedhashmap-lru-1.4.2.jar;C:\Users\Lai_Ivy\.m2\repository\com\alibaba\csp\sentinel-cluster-server-default\1.8.6\sentinel-cluster-server-default-1.8.6.jar;C:\Users\Lai_Ivy\.m2\repository\com\alibaba\csp\sentinel-cluster-common-default\1.8.6\sentinel-cluster-common-default-1.8.6.jar;C:\Users\Lai_Ivy\.m2\repository\io\netty\netty-handler\4.1.84.Final\netty-handler-4.1.84.Final.jar;C:\Users\Lai_Ivy\.m2\repository\io\netty\netty-common\4.1.84.Final\netty-common-4.1.84.Final.jar;C:\Users\Lai_Ivy\.m2\repository\io\netty\netty-resolver\4.1.84.Final\netty-resolver-4.1.84.Final.jar;C:\Users\Lai_Ivy\.m2\repository\io\netty\netty-buffer\4.1.84.Final\netty-buffer-4.1.84.Final.jar;C:\Users\Lai_Ivy\.m2\repository\io\netty\netty-transport\4.1.84.Final\netty-transport-4.1.84.Final.jar;C:\Users\Lai_Ivy\.m2\repository\io\netty\netty-transport-native-unix-common\4.1.84.Final\netty-transport-native-unix-common-4.1.84.Final.jar;C:\Users\Lai_Ivy\.m2\repository\io\netty\netty-codec\4.1.84.Final\netty-codec-4.1.84.Final.jar;C:\Users\Lai_Ivy\.m2\repository\com\alibaba\csp\sentinel-cluster-client-default\1.8.6\sentinel-cluster-client-default-1.8.6.jar;C:\Users\Lai_Ivy\.m2\repository\com\alibaba\cloud\spring-cloud-alibaba-sentinel-datasource\2021.0.5.0\spring-cloud-alibaba-sentinel-datasource-2021.0.5.0.jar;C:\Users\Lai_Ivy\.m2\repository\com\alibaba\cloud\spring-cloud-alibaba-commons\2021.0.5.0\spring-cloud-alibaba-commons-2021.0.5.0.jar;C:\Users\Lai_Ivy\.m2\repository\org\springframework\boot\spring-boot-devtools\2.6.13\spring-boot-devtools-2.6.13.jar;C:\Users\Lai_Ivy\.m2\repository\org\springframework\boot\spring-boot\2.6.13\spring-boot-2.6.13.jar;C:\Users\Lai_Ivy\.m2\repository\org\springframework\boot\spring-boot-autoconfigure\2.6.13\spring-boot-autoconfigure-2.6.13.jar;C:\Users\Lai_Ivy\.m2\repository\org\projectlombok\lombok\1.18.30\lombok-1.18.30.jar;C:\Users\Lai_Ivy\.m2\repository\org\springframework\boot\spring-boot-starter-test\2.6.13\spring-boot-starter-test-2.6.13.jar;C:\Users\Lai_Ivy\.m2\repository\org\springframework\boot\spring-boot-test\2.6.13\spring-boot-test-2.6.13.jar;C:\Users\Lai_Ivy\.m2\repository\org\springframework\boot\spring-boot-test-autoconfigure\2.6.13\spring-boot-test-autoconfigure-2.6.13.jar;C:\Users\Lai_Ivy\.m2\repository\com\jayway\jsonpath\json-path\2.6.0\json-path-2.6.0.jar;C:\Users\Lai_Ivy\.m2\repository\net\minidev\json-smart\2.4.8\json-smart-2.4.8.jar;C:\Users\Lai_Ivy\.m2\repository\net\minidev\accessors-smart\2.4.8\accessors-smart-2.4.8.jar;C:\Users\Lai_Ivy\.m2\repository\org\ow2\asm\asm\9.1\asm-9.1.jar;C:\Users\Lai_Ivy\.m2\repository\jakarta\xml\bind\jakarta.xml.bind-api\2.3.3\jakarta.xml.bind-api-2.3.3.jar;C:\Users\Lai_Ivy\.m2\repository\jakarta\activation\jakarta.activation-api\1.2.2\jakarta.activation-api-1.2.2.jar;C:\Users\Lai_Ivy\.m2\repository\org\assertj\assertj-core\3.21.0\assertj-core-3.21.0.jar;C:\Users\Lai_Ivy\.m2\repository\org\hamcrest\hamcrest\2.2\hamcrest-2.2.jar;C:\Users\Lai_Ivy\.m2\repository\org\junit\jupiter\junit-jupiter\5.8.2\junit-jupiter-5.8.2.jar;C:\Users\Lai_Ivy\.m2\repository\org\junit\jupiter\junit-jupiter-api\5.8.2\junit-jupiter-api-5.8.2.jar;C:\Users\Lai_Ivy\.m2\repository\org\opentest4j\opentest4j\1.2.0\opentest4j-1.2.0.jar;C:\Users\Lai_Ivy\.m2\repository\org\junit\platform\junit-platform-commons\1.8.2\junit-platform-commons-1.8.2.jar;C:\Users\Lai_Ivy\.m2\repository\org\apiguardian\apiguardian-api\1.1.2\apiguardian-api-1.1.2.jar;C:\Users\Lai_Ivy\.m2\repository\org\junit\jupiter\junit-jupiter-params\5.8.2\junit-jupiter-params-5.8.2.jar;C:\Users\Lai_Ivy\.m2\repository\org\junit\jupiter\junit-jupiter-engine\5.8.2\junit-jupiter-engine-5.8.2.jar;C:\Users\Lai_Ivy\.m2\repository\org\junit\platform\junit-platform-engine\1.8.2\junit-platform-engine-1.8.2.jar;C:\Users\Lai_Ivy\.m2\repository\org\mockito\mockito-core\4.0.0\mockito-core-4.0.0.jar;C:\Users\Lai_Ivy\.m2\repository\net\bytebuddy\byte-buddy\1.11.22\byte-buddy-1.11.22.jar;C:\Users\Lai_Ivy\.m2\repository\net\bytebuddy\byte-buddy-agent\1.11.22\byte-buddy-agent-1.11.22.jar;C:\Users\Lai_Ivy\.m2\repository\org\objenesis\objenesis\3.2\objenesis-3.2.jar;C:\Users\Lai_Ivy\.m2\repository\org\mockito\mockito-junit-jupiter\4.0.0\mockito-junit-jupiter-4.0.0.jar;C:\Users\Lai_Ivy\.m2\repository\org\skyscreamer\jsonassert\1.5.1\jsonassert-1.5.1.jar;C:\Users\Lai_Ivy\.m2\repository\com\vaadin\external\google\android-json\0.0.20131108.vaadin1\android-json-0.0.20131108.vaadin1.jar;C:\Users\Lai_Ivy\.m2\repository\org\springframework\spring-core\5.3.23\spring-core-5.3.23.jar;C:\Users\Lai_Ivy\.m2\repository\org\springframework\spring-jcl\5.3.23\spring-jcl-5.3.23.jar;C:\Users\Lai_Ivy\.m2\repository\org\springframework\spring-test\5.3.23\spring-test-5.3.23.jar;C:\Users\Lai_Ivy\.m2\repository\org\xmlunit\xmlunit-core\2.8.4\xmlunit-core-2.8.4.jar;C:\Users\Lai_Ivy\.m2\repository\org\springframework\batch\spring-batch-test\4.3.7\spring-batch-test-4.3.7.jar;C:\Users\Lai_Ivy\.m2\repository\junit\junit\4.13.2\junit-4.13.2.jar;C:\Users\Lai_Ivy\.m2\repository\org\hamcrest\hamcrest-core\2.2\hamcrest-core-2.2.jar;C:\Users\Lai_Ivy\.m2\repository\org\springframework\spring-jdbc\5.3.23\spring-jdbc-5.3.23.jar;C:\Users\Lai_Ivy\.m2\repository\com\opencsv\opencsv\5.7.1\opencsv-5.7.1.jar;C:\Users\Lai_Ivy\.m2\repository\org\apache\commons\commons-lang3\3.12.0\commons-lang3-3.12.0.jar;C:\Users\Lai_Ivy\.m2\repository\org\apache\commons\commons-text\1.10.0\commons-text-1.10.0.jar;C:\Users\Lai_Ivy\.m2\repository\commons-beanutils\commons-beanutils\1.9.4\commons-beanutils-1.9.4.jar;C:\Users\Lai_Ivy\.m2\repository\commons-collections\commons-collections\3.2.2\commons-collections-3.2.2.jar;C:\Users\Lai_Ivy\.m2\repository\org\apache\commons\commons-collections4\4.4\commons-collections4-4.4.jar;"/>
    <property name="sun.cpu.endian" value="little"/>
    <property name="user.home" value="C:\Users\Lai_Ivy"/>
    <property name="user.language" value="zh"/>
    <property name="java.specification.vendor" value="Oracle Corporation"/>
    <property name="java.version.date" value="2024-07-16"/>
    <property name="java.home" value="C:\Users\Lai_Ivy\.jdks\corretto-21.0.4"/>
    <property name="file.separator" value="\"/>
    <property name="basedir" value="E:\Project\foodtruck"/>
    <property name="java.vm.compressedOopsMode" value="32-bit"/>
    <property name="line.separator" value="&#10;"/>
    <property name="java.vm.specification.vendor" value="Oracle Corporation"/>
    <property name="java.specification.name" value="Java Platform API Specification"/>
    <property name="FILE_LOG_CHARSET" value="UTF-8"/>
    <property name="java.awt.headless" value="true"/>
    <property name="csp.sentinel.api.port" value="8719"/>
    <property name="surefire.real.class.path" value="C:\Users\Lai_Ivy\AppData\Local\Temp\surefire5905710110086147299\surefirebooter-20240902195339535_3.jar"/>
    <property name="user.script" value=""/>
    <property name="sun.management.compiler" value="HotSpot 64-Bit Tiered Compilers"/>
    <property name="java.runtime.version" value="21.0.4+7-LTS"/>
    <property name="user.name" value="Lai_Ivy"/>
    <property name="stdout.encoding" value="GBK"/>
    <property name="path.separator" value=";"/>
    <property name="os.version" value="10.0"/>
    <property name="java.runtime.name" value="OpenJDK Runtime Environment"/>
    <property name="file.encoding" value="UTF-8"/>
    <property name="spring.beaninfo.ignore" value="true"/>
    <property name="java.vm.name" value="OpenJDK 64-Bit Server VM"/>
    <property name="java.vendor.version" value="Corretto-21.0.4.7.1"/>
    <property name="localRepository" value="C:\Users\Lai_Ivy\.m2\repository"/>
    <property name="java.vendor.url.bug" value="https://github.com/corretto/corretto-21/issues/"/>
    <property name="java.io.tmpdir" value="C:\Users\Lai_Ivy\AppData\Local\Temp\"/>
    <property name="idea.version" value="2024.1.4"/>
    <property name="java.version" value="21.0.4"/>
    <property name="user.dir" value="E:\Project\foodtruck"/>
    <property name="os.arch" value="amd64"/>
    <property name="java.vm.specification.name" value="Java Virtual Machine Specification"/>
    <property name="PID" value="12692"/>
    <property name="sun.os.patch.level" value=""/>
    <property name="CONSOLE_LOG_CHARSET" value="UTF-8"/>
    <property name="native.encoding" value="GBK"/>
    <property name="java.library.path" value="C:\Users\Lai_Ivy\.jdks\corretto-21.0.4\bin;C:\WINDOWS\Sun\Java\bin;C:\WINDOWS\system32;C:\WINDOWS;C:\Program Files\Common Files\Oracle\Java\javapath;C:\Users\Lai_Ivy\AppData\Local\Programs\Python\Python36\Scripts\;C:\Users\Lai_Ivy\AppData\Local\Programs\Python\Python36\;C:\Python36\Scripts\;C:\Python36\;C:\ProgramData\Oracle\Java\javapath;C:\Program Files (x86)\Lenovo\FusionEngine;C:\Python27;C:\Python27\Scripts;C:\WINDOWS\system32;C:\WINDOWS;C:\WINDOWS\System32\Wbem;C:\WINDOWS\System32\WindowsPowerShell\v1.0\;C:\Program Files (x86)\ATI Technologies\ATI.ACE\Core-Static；C:\Program Files\Java\jdk-21\bin;JAVA_HOME%\jre\bin;C:\Program Files\MySQL\MySQL Server 5.5\bin\bin;C:\Users\Lai_Ivy\AppData\Roaming\npm;C:\Program Files\Java\jdk-21\bin;D:\JavaTools\apache-maven-3.6.3\bin;D:\Program Files\Git\bin;C:\WINDOWS\System32\OpenSSH\;C:\Users\Lai_Ivy\AppData\Local\Microsoft\WindowsApps;D:\Software\Microsoft VS Code\bin;;E:\Tools\WebStorm 2019.3.2\bin;;D:\JavaTools\IntelliJ IDEA 2023.2.4\bin;;E:\Tools\GoLand 2019.2.3\bin;;."/>
    <property name="java.vm.info" value="mixed mode, sharing"/>
    <property name="stderr.encoding" value="GBK"/>
    <property name="java.vendor" value="Amazon.com Inc."/>
    <property name="java.vm.version" value="21.0.4+7-LTS"/>
    <property name="sun.io.unicode.encoding" value="UnicodeLittle"/>
    <property name="java.class.version" value="65.0"/>
  </properties>
  <testcase name="contextLoads" classname="org.demo.foodtruck.FoodtruckApplicationTests" time="1.73">
    <system-out><![CDATA[19:53:42.350 [main] DEBUG org.springframework.test.context.BootstrapUtils - Instantiating CacheAwareContextLoaderDelegate from class [org.springframework.test.context.cache.DefaultCacheAwareContextLoaderDelegate]
19:53:42.366 [main] DEBUG org.springframework.test.context.BootstrapUtils - Instantiating BootstrapContext using constructor [public org.springframework.test.context.support.DefaultBootstrapContext(java.lang.Class,org.springframework.test.context.CacheAwareContextLoaderDelegate)]
19:53:42.510 [main] DEBUG org.springframework.test.context.BootstrapUtils - Instantiating TestContextBootstrapper for test class [org.demo.foodtruck.FoodtruckApplicationTests] from class [org.springframework.boot.test.context.SpringBootTestContextBootstrapper]
19:53:42.577 [main] INFO org.springframework.boot.test.context.SpringBootTestContextBootstrapper - Neither @ContextConfiguration nor @ContextHierarchy found for test class [org.demo.foodtruck.FoodtruckApplicationTests], using SpringBootContextLoader
19:53:42.584 [main] DEBUG org.springframework.test.context.support.AbstractContextLoader - Did not detect default resource location for test class [org.demo.foodtruck.FoodtruckApplicationTests]: class path resource [org/demo/foodtruck/FoodtruckApplicationTests-context.xml] does not exist
19:53:42.584 [main] DEBUG org.springframework.test.context.support.AbstractContextLoader - Did not detect default resource location for test class [org.demo.foodtruck.FoodtruckApplicationTests]: class path resource [org/demo/foodtruck/FoodtruckApplicationTestsContext.groovy] does not exist
19:53:42.585 [main] INFO org.springframework.test.context.support.AbstractContextLoader - Could not detect default resource locations for test class [org.demo.foodtruck.FoodtruckApplicationTests]: no resource found for suffixes {-context.xml, Context.groovy}.
19:53:42.586 [main] INFO org.springframework.test.context.support.AnnotationConfigContextLoaderUtils - Could not detect default configuration classes for test class [org.demo.foodtruck.FoodtruckApplicationTests]: FoodtruckApplicationTests does not declare any static, non-private, non-final, nested classes annotated with @Configuration.
19:53:42.737 [main] DEBUG org.springframework.test.context.support.ActiveProfilesUtils - Could not find an 'annotation declaring class' for annotation type [org.springframework.test.context.ActiveProfiles] and class [org.demo.foodtruck.FoodtruckApplicationTests]
19:53:42.927 [main] DEBUG org.springframework.context.annotation.ClassPathScanningCandidateComponentProvider - Identified candidate component class: file [E:\Project\foodtruck\target\classes\org\demo\foodtruck\FoodtruckApplication.class]
19:53:42.929 [main] INFO org.springframework.boot.test.context.SpringBootTestContextBootstrapper - Found @SpringBootConfiguration org.demo.foodtruck.FoodtruckApplication for test class org.demo.foodtruck.FoodtruckApplicationTests
19:53:43.100 [main] DEBUG org.springframework.boot.test.context.SpringBootTestContextBootstrapper - @TestExecutionListeners is not present for class [org.demo.foodtruck.FoodtruckApplicationTests]: using defaults.
19:53:43.101 [main] INFO org.springframework.boot.test.context.SpringBootTestContextBootstrapper - Loaded default TestExecutionListener class names from location [META-INF/spring.factories]: [org.springframework.boot.test.mock.mockito.MockitoTestExecutionListener, org.springframework.boot.test.mock.mockito.ResetMocksTestExecutionListener, org.springframework.boot.test.autoconfigure.restdocs.RestDocsTestExecutionListener, org.springframework.boot.test.autoconfigure.web.client.MockRestServiceServerResetTestExecutionListener, org.springframework.boot.test.autoconfigure.web.servlet.MockMvcPrintOnlyOnFailureTestExecutionListener, org.springframework.boot.test.autoconfigure.web.servlet.WebDriverTestExecutionListener, org.springframework.boot.test.autoconfigure.webservices.client.MockWebServiceServerTestExecutionListener, org.springframework.test.context.web.ServletTestExecutionListener, org.springframework.test.context.support.DirtiesContextBeforeModesTestExecutionListener, org.springframework.test.context.event.ApplicationEventsTestExecutionListener, org.springframework.test.context.support.DependencyInjectionTestExecutionListener, org.springframework.test.context.support.DirtiesContextTestExecutionListener, org.springframework.test.context.transaction.TransactionalTestExecutionListener, org.springframework.test.context.jdbc.SqlScriptsTestExecutionListener, org.springframework.test.context.event.EventPublishingTestExecutionListener]
19:53:43.176 [main] INFO org.springframework.boot.test.context.SpringBootTestContextBootstrapper - Using TestExecutionListeners: [org.springframework.test.context.web.ServletTestExecutionListener@79c7532f, org.springframework.test.context.support.DirtiesContextBeforeModesTestExecutionListener@2a448449, org.springframework.test.context.event.ApplicationEventsTestExecutionListener@32f232a5, org.springframework.boot.test.mock.mockito.MockitoTestExecutionListener@43f82e78, org.springframework.boot.test.autoconfigure.SpringBootDependencyInjectionTestExecutionListener@e54303, org.springframework.test.context.support.DirtiesContextTestExecutionListener@e8df99a, org.springframework.test.context.transaction.TransactionalTestExecutionListener@2dc995f4, org.springframework.test.context.jdbc.SqlScriptsTestExecutionListener@2f40e5db, org.springframework.test.context.event.EventPublishingTestExecutionListener@517566b, org.springframework.boot.test.mock.mockito.ResetMocksTestExecutionListener@64b73e7a, org.springframework.boot.test.autoconfigure.restdocs.RestDocsTestExecutionListener@530712d, org.springframework.boot.test.autoconfigure.web.client.MockRestServiceServerResetTestExecutionListener@2df6226d, org.springframework.boot.test.autoconfigure.web.servlet.MockMvcPrintOnlyOnFailureTestExecutionListener@12ed9db6, org.springframework.boot.test.autoconfigure.web.servlet.WebDriverTestExecutionListener@4ff4357f, org.springframework.boot.test.autoconfigure.webservices.client.MockWebServiceServerTestExecutionListener@49cb9cb5]
19:53:43.200 [main] DEBUG org.springframework.test.context.support.AbstractDirtiesContextTestExecutionListener - Before test class: context [DefaultTestContext@62727399 testClass = FoodtruckApplicationTests, testInstance = [null], testMethod = [null], testException = [null], mergedContextConfiguration = [WebMergedContextConfiguration@4d9ac0b4 testClass = FoodtruckApplicationTests, locations = '{}', classes = '{class org.demo.foodtruck.FoodtruckApplication}', contextInitializerClasses = '[]', activeProfiles = '{}', propertySourceLocations = '{}', propertySourceProperties = '{org.springframework.boot.test.context.SpringBootTestContextBootstrapper=true}', contextCustomizers = set[org.springframework.boot.test.context.filter.ExcludeFilterContextCustomizer@1033576a, org.springframework.boot.test.json.DuplicateJsonObjectContextCustomizerFactory$DuplicateJsonObjectContextCustomizer@4a003cbe, org.springframework.boot.test.mock.mockito.MockitoContextCustomizer@0, org.springframework.boot.test.web.client.TestRestTemplateContextCustomizer@25be7b63, org.springframework.boot.test.autoconfigure.actuate.metrics.MetricsExportContextCustomizerFactory$DisableMetricExportContextCustomizer@66982506, org.springframework.boot.test.autoconfigure.properties.PropertyMappingContextCustomizer@0, org.springframework.boot.test.autoconfigure.web.servlet.WebDriverContextCustomizerFactory$Customizer@3cce5371, org.springframework.boot.test.context.SpringBootTestArgs@1, org.springframework.boot.test.context.SpringBootTestWebEnvironment@3444d69d], resourceBasePath = 'src/main/webapp', contextLoader = 'org.springframework.boot.test.context.SpringBootContextLoader', parent = [null]], attributes = map['org.springframework.test.context.web.ServletTestExecutionListener.activateListener' -> true]], class annotated with @DirtiesContext [false] with mode [null].

  .   ____          _            __ _ _
 /\\ / ___'_ __ _ _(_)_ __  __ _ \ \ \ \
( ( )\___ | '_ | '_| | '_ \/ _` | \ \ \ \
 \\/  ___)| |_)| | | | | || (_| |  ) ) ) )
  '  |____| .__|_| |_|_| |_\__, | / / / /
 =========|_|==============|___/=/_/_/_/
 :: Spring Boot ::               (v2.6.13)

2024-09-02 19:53:45.216  INFO 12692 --- [           main] o.d.foodtruck.FoodtruckApplicationTests  : Starting FoodtruckApplicationTests using Java 21.0.4 on Ivy with PID 12692 (started by Lai_Ivy in E:\Project\foodtruck)
2024-09-02 19:53:45.218  INFO 12692 --- [           main] o.d.foodtruck.FoodtruckApplicationTests  : No active profile set, falling back to 1 default profile: "default"
2024-09-02 19:53:49.313  INFO 12692 --- [           main] c.a.c.sentinel.SentinelWebMvcConfigurer  : [Sentinel Starter] register SentinelWebInterceptor with urlPatterns: [/**].
2024-09-02 19:53:49.387  INFO 12692 --- [           main] o.s.b.a.w.s.WelcomePageHandlerMapping    : Adding welcome page: class path resource [static/index.html]
2024-09-02 19:53:50.703  INFO 12692 --- [           main] o.d.foodtruck.FoodtruckApplicationTests  : Started FoodtruckApplicationTests in 7.421 seconds (JVM running for 10.326)
]]></system-out>
  </testcase>
</testsuite>